2020-04-09 09:15:53.826[main][main] INFO  o.s.b.t.c.SpringBootTestContextBootstrapper - Neither @ContextConfiguration nor @ContextHierarchy found for test class [com.spring.anotation.mybatis.mapper.MessageMapperTest], using SpringBootContextLoader
2020-04-09 09:15:53.835[main][main] INFO  o.s.t.c.s.AbstractContextLoader - Could not detect default resource locations for test class [com.spring.anotation.mybatis.mapper.MessageMapperTest]: no resource found for suffixes {-context.xml, Context.groovy}.
2020-04-09 09:15:53.836[main][main] INFO  o.s.t.c.s.AnnotationConfigContextLoaderUtils - Could not detect default configuration classes for test class [com.spring.anotation.mybatis.mapper.MessageMapperTest]: MessageMapperTest does not declare any static, non-private, non-final, nested classes annotated with @Configuration.
2020-04-09 09:15:54.014[main][main] INFO  o.s.b.t.c.SpringBootTestContextBootstrapper - Found @SpringBootConfiguration com.spring.anotation.mybatis.AnotationMybatisApplication for test class com.spring.anotation.mybatis.mapper.MessageMapperTest
2020-04-09 09:15:54.164[main][main] INFO  o.s.b.t.c.SpringBootTestContextBootstrapper - Loaded default TestExecutionListener class names from location [META-INF/spring.factories]: [org.springframework.boot.test.mock.mockito.MockitoTestExecutionListener, org.springframework.boot.test.mock.mockito.ResetMocksTestExecutionListener, org.springframework.boot.test.autoconfigure.restdocs.RestDocsTestExecutionListener, org.springframework.boot.test.autoconfigure.web.client.MockRestServiceServerResetTestExecutionListener, org.springframework.boot.test.autoconfigure.web.servlet.MockMvcPrintOnlyOnFailureTestExecutionListener, org.springframework.boot.test.autoconfigure.web.servlet.WebDriverTestExecutionListener, org.springframework.test.context.web.ServletTestExecutionListener, org.springframework.test.context.support.DirtiesContextBeforeModesTestExecutionListener, org.springframework.test.context.support.DependencyInjectionTestExecutionListener, org.springframework.test.context.support.DirtiesContextTestExecutionListener, org.springframework.test.context.transaction.TransactionalTestExecutionListener, org.springframework.test.context.jdbc.SqlScriptsTestExecutionListener, org.springframework.test.context.event.EventPublishingTestExecutionListener]
2020-04-09 09:15:54.190[main][main] INFO  o.s.b.t.c.SpringBootTestContextBootstrapper - Using TestExecutionListeners: [org.springframework.test.context.support.DirtiesContextBeforeModesTestExecutionListener@176b3f44, org.springframework.boot.test.mock.mockito.MockitoTestExecutionListener@6ee6f53, org.springframework.boot.test.autoconfigure.SpringBootDependencyInjectionTestExecutionListener@421bba99, org.springframework.test.context.support.DirtiesContextTestExecutionListener@5d12a356, org.springframework.test.context.transaction.TransactionalTestExecutionListener@134d26af, org.springframework.test.context.jdbc.SqlScriptsTestExecutionListener@66ac5762, org.springframework.test.context.event.EventPublishingTestExecutionListener@797cf65c, org.springframework.boot.test.mock.mockito.ResetMocksTestExecutionListener@31bcf236, org.springframework.boot.test.autoconfigure.restdocs.RestDocsTestExecutionListener@4b3ed2f0, org.springframework.boot.test.autoconfigure.web.client.MockRestServiceServerResetTestExecutionListener@4fad9bb2, org.springframework.boot.test.autoconfigure.web.servlet.MockMvcPrintOnlyOnFailureTestExecutionListener@517d4a0d, org.springframework.boot.test.autoconfigure.web.servlet.WebDriverTestExecutionListener@7862f56]
2020-04-09 09:15:54.651[main][main] INFO  c.s.a.m.mapper.MessageMapperTest - Starting MessageMapperTest on LAPTOP-UILQQEOO with PID 7888 (started by hp in E:\dev\IdeaProjects\anotation-mybatis)
2020-04-09 09:15:54.652[main][main] DEBUG c.s.a.m.mapper.MessageMapperTest - Running with Spring Boot v2.2.6.RELEASE, Spring v5.2.5.RELEASE
2020-04-09 09:15:54.653[main][main] INFO  c.s.a.m.mapper.MessageMapperTest - No active profile set, falling back to default profiles: default
2020-04-09 09:15:55.222[main][main] DEBUG org.apache.ibatis.logging.LogFactory - Logging initialized using 'class org.apache.ibatis.logging.slf4j.Slf4jImpl' adapter.
2020-04-09 09:15:56.298[main][main] INFO  c.s.a.m.mapper.MessageMapperTest - Started MessageMapperTest in 2.042 seconds (JVM running for 4.388)
2020-04-09 09:15:56.769[main][main] INFO  com.zaxxer.hikari.HikariDataSource - HikariPool-1 - Starting...
2020-04-09 09:15:56.970[main][main] INFO  com.zaxxer.hikari.HikariDataSource - HikariPool-1 - Start completed.
2020-04-09 09:15:56.983[main][main] DEBUG c.s.a.m.mapper.MessageMapper.insert - ==>  Preparing: INSERT INTO message(msg_text,msg_summary) VALUES(?,?) 
2020-04-09 09:15:57.040[main][main] DEBUG c.s.a.m.mapper.MessageMapper.insert - ==> Parameters: 樱花(String), 春天(String)
2020-04-09 09:15:57.045[main][main] DEBUG c.s.a.m.mapper.MessageMapper.insert - <==    Updates: 1
2020-04-09 09:15:57.047[main][main] INFO  c.s.a.m.mapper.MessageMapperTest - 插入的条数:1
2020-04-09 09:15:57.075[SpringContextShutdownHook][SpringContextShutdownHook] INFO  com.zaxxer.hikari.HikariDataSource - HikariPool-1 - Shutdown initiated...
2020-04-09 09:15:57.090[SpringContextShutdownHook][SpringContextShutdownHook] INFO  com.zaxxer.hikari.HikariDataSource - HikariPool-1 - Shutdown completed.
2020-04-09 09:16:31.204[main][main] INFO  o.s.b.t.c.SpringBootTestContextBootstrapper - Neither @ContextConfiguration nor @ContextHierarchy found for test class [com.spring.anotation.mybatis.mapper.MessageMapperTest], using SpringBootContextLoader
2020-04-09 09:16:31.213[main][main] INFO  o.s.t.c.s.AbstractContextLoader - Could not detect default resource locations for test class [com.spring.anotation.mybatis.mapper.MessageMapperTest]: no resource found for suffixes {-context.xml, Context.groovy}.
2020-04-09 09:16:31.214[main][main] INFO  o.s.t.c.s.AnnotationConfigContextLoaderUtils - Could not detect default configuration classes for test class [com.spring.anotation.mybatis.mapper.MessageMapperTest]: MessageMapperTest does not declare any static, non-private, non-final, nested classes annotated with @Configuration.
2020-04-09 09:16:31.379[main][main] INFO  o.s.b.t.c.SpringBootTestContextBootstrapper - Found @SpringBootConfiguration com.spring.anotation.mybatis.AnotationMybatisApplication for test class com.spring.anotation.mybatis.mapper.MessageMapperTest
2020-04-09 09:16:31.510[main][main] INFO  o.s.b.t.c.SpringBootTestContextBootstrapper - Loaded default TestExecutionListener class names from location [META-INF/spring.factories]: [org.springframework.boot.test.mock.mockito.MockitoTestExecutionListener, org.springframework.boot.test.mock.mockito.ResetMocksTestExecutionListener, org.springframework.boot.test.autoconfigure.restdocs.RestDocsTestExecutionListener, org.springframework.boot.test.autoconfigure.web.client.MockRestServiceServerResetTestExecutionListener, org.springframework.boot.test.autoconfigure.web.servlet.MockMvcPrintOnlyOnFailureTestExecutionListener, org.springframework.boot.test.autoconfigure.web.servlet.WebDriverTestExecutionListener, org.springframework.test.context.web.ServletTestExecutionListener, org.springframework.test.context.support.DirtiesContextBeforeModesTestExecutionListener, org.springframework.test.context.support.DependencyInjectionTestExecutionListener, org.springframework.test.context.support.DirtiesContextTestExecutionListener, org.springframework.test.context.transaction.TransactionalTestExecutionListener, org.springframework.test.context.jdbc.SqlScriptsTestExecutionListener, org.springframework.test.context.event.EventPublishingTestExecutionListener]
2020-04-09 09:16:31.531[main][main] INFO  o.s.b.t.c.SpringBootTestContextBootstrapper - Using TestExecutionListeners: [org.springframework.test.context.support.DirtiesContextBeforeModesTestExecutionListener@5dd1c9f2, org.springframework.boot.test.mock.mockito.MockitoTestExecutionListener@59b38691, org.springframework.boot.test.autoconfigure.SpringBootDependencyInjectionTestExecutionListener@2e2ff723, org.springframework.test.context.support.DirtiesContextTestExecutionListener@324a0017, org.springframework.test.context.transaction.TransactionalTestExecutionListener@6187d1f5, org.springframework.test.context.jdbc.SqlScriptsTestExecutionListener@2445445a, org.springframework.test.context.event.EventPublishingTestExecutionListener@7502291e, org.springframework.boot.test.mock.mockito.ResetMocksTestExecutionListener@17aad511, org.springframework.boot.test.autoconfigure.restdocs.RestDocsTestExecutionListener@487db668, org.springframework.boot.test.autoconfigure.web.client.MockRestServiceServerResetTestExecutionListener@46944ca9, org.springframework.boot.test.autoconfigure.web.servlet.MockMvcPrintOnlyOnFailureTestExecutionListener@22bac7bc, org.springframework.boot.test.autoconfigure.web.servlet.WebDriverTestExecutionListener@63798ca7]
2020-04-09 09:16:31.931[main][main] INFO  c.s.a.m.mapper.MessageMapperTest - Starting MessageMapperTest on LAPTOP-UILQQEOO with PID 19192 (started by hp in E:\dev\IdeaProjects\anotation-mybatis)
2020-04-09 09:16:31.932[main][main] DEBUG c.s.a.m.mapper.MessageMapperTest - Running with Spring Boot v2.2.6.RELEASE, Spring v5.2.5.RELEASE
2020-04-09 09:16:31.934[main][main] INFO  c.s.a.m.mapper.MessageMapperTest - No active profile set, falling back to default profiles: default
2020-04-09 09:16:32.582[main][main] DEBUG org.apache.ibatis.logging.LogFactory - Logging initialized using 'class org.apache.ibatis.logging.slf4j.Slf4jImpl' adapter.
2020-04-09 09:16:33.431[main][main] INFO  c.s.a.m.mapper.MessageMapperTest - Started MessageMapperTest in 1.851 seconds (JVM running for 3.447)
2020-04-09 09:16:33.782[main][main] INFO  com.zaxxer.hikari.HikariDataSource - HikariPool-1 - Starting...
2020-04-09 09:16:33.960[main][main] INFO  com.zaxxer.hikari.HikariDataSource - HikariPool-1 - Start completed.
2020-04-09 09:16:33.969[main][main] DEBUG c.s.a.m.m.MessageMapper.selectAll - ==>  Preparing: SELECT * FROM message 
2020-04-09 09:16:34.000[main][main] DEBUG c.s.a.m.m.MessageMapper.selectAll - ==> Parameters: 
2020-04-09 09:16:34.035[main][main] DEBUG c.s.a.m.m.MessageMapper.selectAll - <==      Total: 20
2020-04-09 09:16:34.041[main][main] INFO  c.s.a.m.mapper.MessageMapperTest - 查询到的记录:Message(msgId=2, msgText=computer, msgSummary=学校)
2020-04-09 09:16:34.041[main][main] INFO  c.s.a.m.mapper.MessageMapperTest - 查询到的记录:Message(msgId=3, msgText=niit, msgSummary=学校)
2020-04-09 09:16:34.041[main][main] INFO  c.s.a.m.mapper.MessageMapperTest - 查询到的记录:Message(msgId=4, msgText=樱花, msgSummary=春天)
2020-04-09 09:16:34.041[main][main] INFO  c.s.a.m.mapper.MessageMapperTest - 查询到的记录:Message(msgId=5, msgText=樱花, msgSummary=春天)
2020-04-09 09:16:34.042[main][main] INFO  c.s.a.m.mapper.MessageMapperTest - 查询到的记录:Message(msgId=6, msgText=樱花, msgSummary=春天)
2020-04-09 09:16:34.042[main][main] INFO  c.s.a.m.mapper.MessageMapperTest - 查询到的记录:Message(msgId=7, msgText=樱花, msgSummary=春天)
2020-04-09 09:16:34.042[main][main] INFO  c.s.a.m.mapper.MessageMapperTest - 查询到的记录:Message(msgId=8, msgText=樱花, msgSummary=春天)
2020-04-09 09:16:34.042[main][main] INFO  c.s.a.m.mapper.MessageMapperTest - 查询到的记录:Message(msgId=9, msgText=樱花, msgSummary=春天)
2020-04-09 09:16:34.043[main][main] INFO  c.s.a.m.mapper.MessageMapperTest - 查询到的记录:Message(msgId=10, msgText=apple, msgSummary=水果)
2020-04-09 09:16:34.043[main][main] INFO  c.s.a.m.mapper.MessageMapperTest - 查询到的记录:Message(msgId=11, msgText=orange, msgSummary=水果)
2020-04-09 09:16:34.043[main][main] INFO  c.s.a.m.mapper.MessageMapperTest - 查询到的记录:Message(msgId=12, msgText=樱花, msgSummary=春天)
2020-04-09 09:16:34.044[main][main] INFO  c.s.a.m.mapper.MessageMapperTest - 查询到的记录:Message(msgId=13, msgText=apple, msgSummary=水果)
2020-04-09 09:16:34.044[main][main] INFO  c.s.a.m.mapper.MessageMapperTest - 查询到的记录:Message(msgId=14, msgText=orange, msgSummary=水果)
2020-04-09 09:16:34.045[main][main] INFO  c.s.a.m.mapper.MessageMapperTest - 查询到的记录:Message(msgId=15, msgText=樱花, msgSummary=春天)
2020-04-09 09:16:34.045[main][main] INFO  c.s.a.m.mapper.MessageMapperTest - 查询到的记录:Message(msgId=16, msgText=apple, msgSummary=水果)
2020-04-09 09:16:34.045[main][main] INFO  c.s.a.m.mapper.MessageMapperTest - 查询到的记录:Message(msgId=17, msgText=orange, msgSummary=水果)
2020-04-09 09:16:34.045[main][main] INFO  c.s.a.m.mapper.MessageMapperTest - 查询到的记录:Message(msgId=18, msgText=樱花, msgSummary=春天)
2020-04-09 09:16:34.045[main][main] INFO  c.s.a.m.mapper.MessageMapperTest - 查询到的记录:Message(msgId=19, msgText=apple, msgSummary=水果)
2020-04-09 09:16:34.046[main][main] INFO  c.s.a.m.mapper.MessageMapperTest - 查询到的记录:Message(msgId=20, msgText=orange, msgSummary=水果)
2020-04-09 09:16:34.046[main][main] INFO  c.s.a.m.mapper.MessageMapperTest - 查询到的记录:Message(msgId=21, msgText=樱花, msgSummary=春天)
2020-04-09 09:16:34.062[SpringContextShutdownHook][SpringContextShutdownHook] INFO  com.zaxxer.hikari.HikariDataSource - HikariPool-1 - Shutdown initiated...
2020-04-09 09:16:34.074[SpringContextShutdownHook][SpringContextShutdownHook] INFO  com.zaxxer.hikari.HikariDataSource - HikariPool-1 - Shutdown completed.
2020-04-09 09:17:13.124[main][main] INFO  o.s.b.t.c.SpringBootTestContextBootstrapper - Neither @ContextConfiguration nor @ContextHierarchy found for test class [com.spring.anotation.mybatis.mapper.MessageMapperTest], using SpringBootContextLoader
2020-04-09 09:17:13.132[main][main] INFO  o.s.t.c.s.AbstractContextLoader - Could not detect default resource locations for test class [com.spring.anotation.mybatis.mapper.MessageMapperTest]: no resource found for suffixes {-context.xml, Context.groovy}.
2020-04-09 09:17:13.133[main][main] INFO  o.s.t.c.s.AnnotationConfigContextLoaderUtils - Could not detect default configuration classes for test class [com.spring.anotation.mybatis.mapper.MessageMapperTest]: MessageMapperTest does not declare any static, non-private, non-final, nested classes annotated with @Configuration.
2020-04-09 09:17:13.285[main][main] INFO  o.s.b.t.c.SpringBootTestContextBootstrapper - Found @SpringBootConfiguration com.spring.anotation.mybatis.AnotationMybatisApplication for test class com.spring.anotation.mybatis.mapper.MessageMapperTest
2020-04-09 09:17:13.400[main][main] INFO  o.s.b.t.c.SpringBootTestContextBootstrapper - Loaded default TestExecutionListener class names from location [META-INF/spring.factories]: [org.springframework.boot.test.mock.mockito.MockitoTestExecutionListener, org.springframework.boot.test.mock.mockito.ResetMocksTestExecutionListener, org.springframework.boot.test.autoconfigure.restdocs.RestDocsTestExecutionListener, org.springframework.boot.test.autoconfigure.web.client.MockRestServiceServerResetTestExecutionListener, org.springframework.boot.test.autoconfigure.web.servlet.MockMvcPrintOnlyOnFailureTestExecutionListener, org.springframework.boot.test.autoconfigure.web.servlet.WebDriverTestExecutionListener, org.springframework.test.context.web.ServletTestExecutionListener, org.springframework.test.context.support.DirtiesContextBeforeModesTestExecutionListener, org.springframework.test.context.support.DependencyInjectionTestExecutionListener, org.springframework.test.context.support.DirtiesContextTestExecutionListener, org.springframework.test.context.transaction.TransactionalTestExecutionListener, org.springframework.test.context.jdbc.SqlScriptsTestExecutionListener, org.springframework.test.context.event.EventPublishingTestExecutionListener]
2020-04-09 09:17:13.418[main][main] INFO  o.s.b.t.c.SpringBootTestContextBootstrapper - Using TestExecutionListeners: [org.springframework.test.context.support.DirtiesContextBeforeModesTestExecutionListener@59b38691, org.springframework.boot.test.mock.mockito.MockitoTestExecutionListener@2e2ff723, org.springframework.boot.test.autoconfigure.SpringBootDependencyInjectionTestExecutionListener@324a0017, org.springframework.test.context.support.DirtiesContextTestExecutionListener@6187d1f5, org.springframework.test.context.transaction.TransactionalTestExecutionListener@2445445a, org.springframework.test.context.jdbc.SqlScriptsTestExecutionListener@7502291e, org.springframework.test.context.event.EventPublishingTestExecutionListener@17aad511, org.springframework.boot.test.mock.mockito.ResetMocksTestExecutionListener@487db668, org.springframework.boot.test.autoconfigure.restdocs.RestDocsTestExecutionListener@46944ca9, org.springframework.boot.test.autoconfigure.web.client.MockRestServiceServerResetTestExecutionListener@22bac7bc, org.springframework.boot.test.autoconfigure.web.servlet.MockMvcPrintOnlyOnFailureTestExecutionListener@63798ca7, org.springframework.boot.test.autoconfigure.web.servlet.WebDriverTestExecutionListener@4612b856]
2020-04-09 09:17:13.781[main][main] INFO  c.s.a.m.mapper.MessageMapperTest - Starting MessageMapperTest on LAPTOP-UILQQEOO with PID 13228 (started by hp in E:\dev\IdeaProjects\anotation-mybatis)
2020-04-09 09:17:13.782[main][main] DEBUG c.s.a.m.mapper.MessageMapperTest - Running with Spring Boot v2.2.6.RELEASE, Spring v5.2.5.RELEASE
2020-04-09 09:17:13.782[main][main] INFO  c.s.a.m.mapper.MessageMapperTest - No active profile set, falling back to default profiles: default
2020-04-09 09:17:14.313[main][main] DEBUG org.apache.ibatis.logging.LogFactory - Logging initialized using 'class org.apache.ibatis.logging.slf4j.Slf4jImpl' adapter.
2020-04-09 09:17:15.262[main][main] INFO  c.s.a.m.mapper.MessageMapperTest - Started MessageMapperTest in 1.804 seconds (JVM running for 3.447)
2020-04-09 09:17:15.621[main][main] INFO  com.zaxxer.hikari.HikariDataSource - HikariPool-1 - Starting...
2020-04-09 09:17:15.852[main][main] INFO  com.zaxxer.hikari.HikariDataSource - HikariPool-1 - Start completed.
2020-04-09 09:17:15.862[main][main] DEBUG c.s.a.m.m.MessageMapper.selectById - ==>  Preparing: SELECT * FROM message WHERE msg_id=? 
2020-04-09 09:17:15.893[main][main] DEBUG c.s.a.m.m.MessageMapper.selectById - ==> Parameters: 1(Integer)
2020-04-09 09:17:15.920[main][main] DEBUG c.s.a.m.m.MessageMapper.selectById - <==      Total: 0
2020-04-09 09:17:15.924[main][main] INFO  c.s.a.m.mapper.MessageMapperTest - id为1的数据:null
2020-04-09 09:17:15.948[SpringContextShutdownHook][SpringContextShutdownHook] INFO  com.zaxxer.hikari.HikariDataSource - HikariPool-1 - Shutdown initiated...
2020-04-09 09:17:15.963[SpringContextShutdownHook][SpringContextShutdownHook] INFO  com.zaxxer.hikari.HikariDataSource - HikariPool-1 - Shutdown completed.
2020-04-09 09:19:33.359[main][main] INFO  o.s.b.t.c.SpringBootTestContextBootstrapper - Neither @ContextConfiguration nor @ContextHierarchy found for test class [com.spring.anotation.mybatis.mapper.MessageMapperTest], using SpringBootContextLoader
2020-04-09 09:19:33.367[main][main] INFO  o.s.t.c.s.AbstractContextLoader - Could not detect default resource locations for test class [com.spring.anotation.mybatis.mapper.MessageMapperTest]: no resource found for suffixes {-context.xml, Context.groovy}.
2020-04-09 09:19:33.368[main][main] INFO  o.s.t.c.s.AnnotationConfigContextLoaderUtils - Could not detect default configuration classes for test class [com.spring.anotation.mybatis.mapper.MessageMapperTest]: MessageMapperTest does not declare any static, non-private, non-final, nested classes annotated with @Configuration.
2020-04-09 09:19:33.523[main][main] INFO  o.s.b.t.c.SpringBootTestContextBootstrapper - Found @SpringBootConfiguration com.spring.anotation.mybatis.AnotationMybatisApplication for test class com.spring.anotation.mybatis.mapper.MessageMapperTest
2020-04-09 09:19:33.649[main][main] INFO  o.s.b.t.c.SpringBootTestContextBootstrapper - Loaded default TestExecutionListener class names from location [META-INF/spring.factories]: [org.springframework.boot.test.mock.mockito.MockitoTestExecutionListener, org.springframework.boot.test.mock.mockito.ResetMocksTestExecutionListener, org.springframework.boot.test.autoconfigure.restdocs.RestDocsTestExecutionListener, org.springframework.boot.test.autoconfigure.web.client.MockRestServiceServerResetTestExecutionListener, org.springframework.boot.test.autoconfigure.web.servlet.MockMvcPrintOnlyOnFailureTestExecutionListener, org.springframework.boot.test.autoconfigure.web.servlet.WebDriverTestExecutionListener, org.springframework.test.context.web.ServletTestExecutionListener, org.springframework.test.context.support.DirtiesContextBeforeModesTestExecutionListener, org.springframework.test.context.support.DependencyInjectionTestExecutionListener, org.springframework.test.context.support.DirtiesContextTestExecutionListener, org.springframework.test.context.transaction.TransactionalTestExecutionListener, org.springframework.test.context.jdbc.SqlScriptsTestExecutionListener, org.springframework.test.context.event.EventPublishingTestExecutionListener]
2020-04-09 09:19:33.670[main][main] INFO  o.s.b.t.c.SpringBootTestContextBootstrapper - Using TestExecutionListeners: [org.springframework.test.context.support.DirtiesContextBeforeModesTestExecutionListener@2e2ff723, org.springframework.boot.test.mock.mockito.MockitoTestExecutionListener@324a0017, org.springframework.boot.test.autoconfigure.SpringBootDependencyInjectionTestExecutionListener@6187d1f5, org.springframework.test.context.support.DirtiesContextTestExecutionListener@2445445a, org.springframework.test.context.transaction.TransactionalTestExecutionListener@7502291e, org.springframework.test.context.jdbc.SqlScriptsTestExecutionListener@17aad511, org.springframework.test.context.event.EventPublishingTestExecutionListener@487db668, org.springframework.boot.test.mock.mockito.ResetMocksTestExecutionListener@46944ca9, org.springframework.boot.test.autoconfigure.restdocs.RestDocsTestExecutionListener@22bac7bc, org.springframework.boot.test.autoconfigure.web.client.MockRestServiceServerResetTestExecutionListener@63798ca7, org.springframework.boot.test.autoconfigure.web.servlet.MockMvcPrintOnlyOnFailureTestExecutionListener@4612b856, org.springframework.boot.test.autoconfigure.web.servlet.WebDriverTestExecutionListener@22875539]
2020-04-09 09:19:34.184[main][main] INFO  c.s.a.m.mapper.MessageMapperTest - Starting MessageMapperTest on LAPTOP-UILQQEOO with PID 17448 (started by hp in E:\dev\IdeaProjects\anotation-mybatis)
2020-04-09 09:19:34.185[main][main] DEBUG c.s.a.m.mapper.MessageMapperTest - Running with Spring Boot v2.2.6.RELEASE, Spring v5.2.5.RELEASE
2020-04-09 09:19:34.186[main][main] INFO  c.s.a.m.mapper.MessageMapperTest - No active profile set, falling back to default profiles: default
2020-04-09 09:19:34.783[main][main] DEBUG org.apache.ibatis.logging.LogFactory - Logging initialized using 'class org.apache.ibatis.logging.slf4j.Slf4jImpl' adapter.
2020-04-09 09:19:35.715[main][main] INFO  c.s.a.m.mapper.MessageMapperTest - Started MessageMapperTest in 2.0 seconds (JVM running for 3.706)
2020-04-09 09:19:36.134[main][main] INFO  com.zaxxer.hikari.HikariDataSource - HikariPool-1 - Starting...
2020-04-09 09:19:36.397[main][main] INFO  com.zaxxer.hikari.HikariDataSource - HikariPool-1 - Start completed.
2020-04-09 09:19:36.412[main][main] DEBUG c.s.a.m.mapper.MessageMapper.update - ==>  Preparing: update message set msg_text=?, msg_summary=?, 
2020-04-09 09:19:36.451[main][main] DEBUG c.s.a.m.mapper.MessageMapper.update - ==> Parameters: computer(String), 学校(String)
2020-04-09 09:19:36.560[SpringContextShutdownHook][SpringContextShutdownHook] INFO  com.zaxxer.hikari.HikariDataSource - HikariPool-1 - Shutdown initiated...
2020-04-09 09:19:36.584[SpringContextShutdownHook][SpringContextShutdownHook] INFO  com.zaxxer.hikari.HikariDataSource - HikariPool-1 - Shutdown completed.
2020-04-09 09:22:09.577[main][main] INFO  o.s.b.t.c.SpringBootTestContextBootstrapper - Neither @ContextConfiguration nor @ContextHierarchy found for test class [com.spring.anotation.mybatis.mapper.MessageMapperTest], using SpringBootContextLoader
2020-04-09 09:22:09.584[main][main] INFO  o.s.t.c.s.AbstractContextLoader - Could not detect default resource locations for test class [com.spring.anotation.mybatis.mapper.MessageMapperTest]: no resource found for suffixes {-context.xml, Context.groovy}.
2020-04-09 09:22:09.585[main][main] INFO  o.s.t.c.s.AnnotationConfigContextLoaderUtils - Could not detect default configuration classes for test class [com.spring.anotation.mybatis.mapper.MessageMapperTest]: MessageMapperTest does not declare any static, non-private, non-final, nested classes annotated with @Configuration.
2020-04-09 09:22:09.739[main][main] INFO  o.s.b.t.c.SpringBootTestContextBootstrapper - Found @SpringBootConfiguration com.spring.anotation.mybatis.AnotationMybatisApplication for test class com.spring.anotation.mybatis.mapper.MessageMapperTest
2020-04-09 09:22:09.864[main][main] INFO  o.s.b.t.c.SpringBootTestContextBootstrapper - Loaded default TestExecutionListener class names from location [META-INF/spring.factories]: [org.springframework.boot.test.mock.mockito.MockitoTestExecutionListener, org.springframework.boot.test.mock.mockito.ResetMocksTestExecutionListener, org.springframework.boot.test.autoconfigure.restdocs.RestDocsTestExecutionListener, org.springframework.boot.test.autoconfigure.web.client.MockRestServiceServerResetTestExecutionListener, org.springframework.boot.test.autoconfigure.web.servlet.MockMvcPrintOnlyOnFailureTestExecutionListener, org.springframework.boot.test.autoconfigure.web.servlet.WebDriverTestExecutionListener, org.springframework.test.context.web.ServletTestExecutionListener, org.springframework.test.context.support.DirtiesContextBeforeModesTestExecutionListener, org.springframework.test.context.support.DependencyInjectionTestExecutionListener, org.springframework.test.context.support.DirtiesContextTestExecutionListener, org.springframework.test.context.transaction.TransactionalTestExecutionListener, org.springframework.test.context.jdbc.SqlScriptsTestExecutionListener, org.springframework.test.context.event.EventPublishingTestExecutionListener]
2020-04-09 09:22:09.879[main][main] INFO  o.s.b.t.c.SpringBootTestContextBootstrapper - Using TestExecutionListeners: [org.springframework.test.context.support.DirtiesContextBeforeModesTestExecutionListener@2e2ff723, org.springframework.boot.test.mock.mockito.MockitoTestExecutionListener@324a0017, org.springframework.boot.test.autoconfigure.SpringBootDependencyInjectionTestExecutionListener@6187d1f5, org.springframework.test.context.support.DirtiesContextTestExecutionListener@2445445a, org.springframework.test.context.transaction.TransactionalTestExecutionListener@7502291e, org.springframework.test.context.jdbc.SqlScriptsTestExecutionListener@17aad511, org.springframework.test.context.event.EventPublishingTestExecutionListener@487db668, org.springframework.boot.test.mock.mockito.ResetMocksTestExecutionListener@46944ca9, org.springframework.boot.test.autoconfigure.restdocs.RestDocsTestExecutionListener@22bac7bc, org.springframework.boot.test.autoconfigure.web.client.MockRestServiceServerResetTestExecutionListener@63798ca7, org.springframework.boot.test.autoconfigure.web.servlet.MockMvcPrintOnlyOnFailureTestExecutionListener@4612b856, org.springframework.boot.test.autoconfigure.web.servlet.WebDriverTestExecutionListener@22875539]
2020-04-09 09:22:10.425[main][main] INFO  c.s.a.m.mapper.MessageMapperTest - Starting MessageMapperTest on LAPTOP-UILQQEOO with PID 19012 (started by hp in E:\dev\IdeaProjects\anotation-mybatis)
2020-04-09 09:22:10.426[main][main] DEBUG c.s.a.m.mapper.MessageMapperTest - Running with Spring Boot v2.2.6.RELEASE, Spring v5.2.5.RELEASE
2020-04-09 09:22:10.427[main][main] INFO  c.s.a.m.mapper.MessageMapperTest - No active profile set, falling back to default profiles: default
2020-04-09 09:22:11.168[main][main] DEBUG org.apache.ibatis.logging.LogFactory - Logging initialized using 'class org.apache.ibatis.logging.slf4j.Slf4jImpl' adapter.
2020-04-09 09:22:12.036[main][main] INFO  c.s.a.m.mapper.MessageMapperTest - Started MessageMapperTest in 2.113 seconds (JVM running for 3.653)
2020-04-09 09:22:12.444[main][main] INFO  com.zaxxer.hikari.HikariDataSource - HikariPool-1 - Starting...
2020-04-09 09:22:12.615[main][main] INFO  com.zaxxer.hikari.HikariDataSource - HikariPool-1 - Start completed.
2020-04-09 09:22:12.625[main][main] DEBUG c.s.a.m.mapper.MessageMapper.update - ==>  Preparing: update message set msg_text=?, msg_summary=? WHERE msg_id =? 
2020-04-09 09:22:12.668[main][main] DEBUG c.s.a.m.mapper.MessageMapper.update - ==> Parameters: computer(String), 学校(String), 1(Integer)
2020-04-09 09:22:12.672[main][main] DEBUG c.s.a.m.mapper.MessageMapper.update - <==    Updates: 0
2020-04-09 09:22:12.674[main][main] INFO  c.s.a.m.mapper.MessageMapperTest - 更新的数据条数:0
2020-04-09 09:22:12.699[SpringContextShutdownHook][SpringContextShutdownHook] INFO  com.zaxxer.hikari.HikariDataSource - HikariPool-1 - Shutdown initiated...
2020-04-09 09:22:12.714[SpringContextShutdownHook][SpringContextShutdownHook] INFO  com.zaxxer.hikari.HikariDataSource - HikariPool-1 - Shutdown completed.
2020-04-09 09:23:00.598[main][main] INFO  o.s.b.t.c.SpringBootTestContextBootstrapper - Neither @ContextConfiguration nor @ContextHierarchy found for test class [com.spring.anotation.mybatis.mapper.MessageMapperTest], using SpringBootContextLoader
2020-04-09 09:23:00.605[main][main] INFO  o.s.t.c.s.AbstractContextLoader - Could not detect default resource locations for test class [com.spring.anotation.mybatis.mapper.MessageMapperTest]: no resource found for suffixes {-context.xml, Context.groovy}.
2020-04-09 09:23:00.607[main][main] INFO  o.s.t.c.s.AnnotationConfigContextLoaderUtils - Could not detect default configuration classes for test class [com.spring.anotation.mybatis.mapper.MessageMapperTest]: MessageMapperTest does not declare any static, non-private, non-final, nested classes annotated with @Configuration.
2020-04-09 09:23:00.801[main][main] INFO  o.s.b.t.c.SpringBootTestContextBootstrapper - Found @SpringBootConfiguration com.spring.anotation.mybatis.AnotationMybatisApplication for test class com.spring.anotation.mybatis.mapper.MessageMapperTest
2020-04-09 09:23:00.931[main][main] INFO  o.s.b.t.c.SpringBootTestContextBootstrapper - Loaded default TestExecutionListener class names from location [META-INF/spring.factories]: [org.springframework.boot.test.mock.mockito.MockitoTestExecutionListener, org.springframework.boot.test.mock.mockito.ResetMocksTestExecutionListener, org.springframework.boot.test.autoconfigure.restdocs.RestDocsTestExecutionListener, org.springframework.boot.test.autoconfigure.web.client.MockRestServiceServerResetTestExecutionListener, org.springframework.boot.test.autoconfigure.web.servlet.MockMvcPrintOnlyOnFailureTestExecutionListener, org.springframework.boot.test.autoconfigure.web.servlet.WebDriverTestExecutionListener, org.springframework.test.context.web.ServletTestExecutionListener, org.springframework.test.context.support.DirtiesContextBeforeModesTestExecutionListener, org.springframework.test.context.support.DependencyInjectionTestExecutionListener, org.springframework.test.context.support.DirtiesContextTestExecutionListener, org.springframework.test.context.transaction.TransactionalTestExecutionListener, org.springframework.test.context.jdbc.SqlScriptsTestExecutionListener, org.springframework.test.context.event.EventPublishingTestExecutionListener]
2020-04-09 09:23:00.948[main][main] INFO  o.s.b.t.c.SpringBootTestContextBootstrapper - Using TestExecutionListeners: [org.springframework.test.context.support.DirtiesContextBeforeModesTestExecutionListener@324a0017, org.springframework.boot.test.mock.mockito.MockitoTestExecutionListener@6187d1f5, org.springframework.boot.test.autoconfigure.SpringBootDependencyInjectionTestExecutionListener@2445445a, org.springframework.test.context.support.DirtiesContextTestExecutionListener@7502291e, org.springframework.test.context.transaction.TransactionalTestExecutionListener@17aad511, org.springframework.test.context.jdbc.SqlScriptsTestExecutionListener@487db668, org.springframework.test.context.event.EventPublishingTestExecutionListener@46944ca9, org.springframework.boot.test.mock.mockito.ResetMocksTestExecutionListener@22bac7bc, org.springframework.boot.test.autoconfigure.restdocs.RestDocsTestExecutionListener@63798ca7, org.springframework.boot.test.autoconfigure.web.client.MockRestServiceServerResetTestExecutionListener@4612b856, org.springframework.boot.test.autoconfigure.web.servlet.MockMvcPrintOnlyOnFailureTestExecutionListener@22875539, org.springframework.boot.test.autoconfigure.web.servlet.WebDriverTestExecutionListener@5674e1f2]
2020-04-09 09:23:01.623[main][main] INFO  c.s.a.m.mapper.MessageMapperTest - Starting MessageMapperTest on LAPTOP-UILQQEOO with PID 17048 (started by hp in E:\dev\IdeaProjects\anotation-mybatis)
2020-04-09 09:23:01.625[main][main] DEBUG c.s.a.m.mapper.MessageMapperTest - Running with Spring Boot v2.2.6.RELEASE, Spring v5.2.5.RELEASE
2020-04-09 09:23:01.627[main][main] INFO  c.s.a.m.mapper.MessageMapperTest - No active profile set, falling back to default profiles: default
2020-04-09 09:23:02.538[main][main] DEBUG org.apache.ibatis.logging.LogFactory - Logging initialized using 'class org.apache.ibatis.logging.slf4j.Slf4jImpl' adapter.
2020-04-09 09:23:03.342[main][main] INFO  c.s.a.m.mapper.MessageMapperTest - Started MessageMapperTest in 2.341 seconds (JVM running for 4.041)
2020-04-09 09:23:03.736[main][main] INFO  com.zaxxer.hikari.HikariDataSource - HikariPool-1 - Starting...
2020-04-09 09:23:03.915[main][main] INFO  com.zaxxer.hikari.HikariDataSource - HikariPool-1 - Start completed.
2020-04-09 09:23:03.926[main][main] DEBUG c.s.a.m.m.MessageMapper.batchInsert - ==>  Preparing: INSERT INTO message (msg_text,msg_summary) VALUES (?,?) , (?,?) 
2020-04-09 09:23:03.981[main][main] DEBUG c.s.a.m.m.MessageMapper.batchInsert - ==> Parameters: apple(String), 水果(String), orange(String), 水果(String)
2020-04-09 09:23:03.986[main][main] DEBUG c.s.a.m.m.MessageMapper.batchInsert - <==    Updates: 2
2020-04-09 09:23:03.989[main][main] INFO  c.s.a.m.mapper.MessageMapperTest - 插入的数据条数:2
2020-04-09 09:23:04.005[SpringContextShutdownHook][SpringContextShutdownHook] INFO  com.zaxxer.hikari.HikariDataSource - HikariPool-1 - Shutdown initiated...
2020-04-09 09:23:04.017[SpringContextShutdownHook][SpringContextShutdownHook] INFO  com.zaxxer.hikari.HikariDataSource - HikariPool-1 - Shutdown completed.
2020-04-09 09:23:30.717[main][main] INFO  o.s.b.t.c.SpringBootTestContextBootstrapper - Neither @ContextConfiguration nor @ContextHierarchy found for test class [com.spring.anotation.mybatis.mapper.MessageMapperTest], using SpringBootContextLoader
2020-04-09 09:23:30.724[main][main] INFO  o.s.t.c.s.AbstractContextLoader - Could not detect default resource locations for test class [com.spring.anotation.mybatis.mapper.MessageMapperTest]: no resource found for suffixes {-context.xml, Context.groovy}.
2020-04-09 09:23:30.726[main][main] INFO  o.s.t.c.s.AnnotationConfigContextLoaderUtils - Could not detect default configuration classes for test class [com.spring.anotation.mybatis.mapper.MessageMapperTest]: MessageMapperTest does not declare any static, non-private, non-final, nested classes annotated with @Configuration.
2020-04-09 09:23:30.913[main][main] INFO  o.s.b.t.c.SpringBootTestContextBootstrapper - Found @SpringBootConfiguration com.spring.anotation.mybatis.AnotationMybatisApplication for test class com.spring.anotation.mybatis.mapper.MessageMapperTest
2020-04-09 09:23:31.042[main][main] INFO  o.s.b.t.c.SpringBootTestContextBootstrapper - Loaded default TestExecutionListener class names from location [META-INF/spring.factories]: [org.springframework.boot.test.mock.mockito.MockitoTestExecutionListener, org.springframework.boot.test.mock.mockito.ResetMocksTestExecutionListener, org.springframework.boot.test.autoconfigure.restdocs.RestDocsTestExecutionListener, org.springframework.boot.test.autoconfigure.web.client.MockRestServiceServerResetTestExecutionListener, org.springframework.boot.test.autoconfigure.web.servlet.MockMvcPrintOnlyOnFailureTestExecutionListener, org.springframework.boot.test.autoconfigure.web.servlet.WebDriverTestExecutionListener, org.springframework.test.context.web.ServletTestExecutionListener, org.springframework.test.context.support.DirtiesContextBeforeModesTestExecutionListener, org.springframework.test.context.support.DependencyInjectionTestExecutionListener, org.springframework.test.context.support.DirtiesContextTestExecutionListener, org.springframework.test.context.transaction.TransactionalTestExecutionListener, org.springframework.test.context.jdbc.SqlScriptsTestExecutionListener, org.springframework.test.context.event.EventPublishingTestExecutionListener]
2020-04-09 09:23:31.061[main][main] INFO  o.s.b.t.c.SpringBootTestContextBootstrapper - Using TestExecutionListeners: [org.springframework.test.context.support.DirtiesContextBeforeModesTestExecutionListener@6187d1f5, org.springframework.boot.test.mock.mockito.MockitoTestExecutionListener@2445445a, org.springframework.boot.test.autoconfigure.SpringBootDependencyInjectionTestExecutionListener@7502291e, org.springframework.test.context.support.DirtiesContextTestExecutionListener@17aad511, org.springframework.test.context.transaction.TransactionalTestExecutionListener@487db668, org.springframework.test.context.jdbc.SqlScriptsTestExecutionListener@46944ca9, org.springframework.test.context.event.EventPublishingTestExecutionListener@22bac7bc, org.springframework.boot.test.mock.mockito.ResetMocksTestExecutionListener@63798ca7, org.springframework.boot.test.autoconfigure.restdocs.RestDocsTestExecutionListener@4612b856, org.springframework.boot.test.autoconfigure.web.client.MockRestServiceServerResetTestExecutionListener@22875539, org.springframework.boot.test.autoconfigure.web.servlet.MockMvcPrintOnlyOnFailureTestExecutionListener@5674e1f2, org.springframework.boot.test.autoconfigure.web.servlet.WebDriverTestExecutionListener@79c7532f]
2020-04-09 09:23:31.507[main][main] INFO  c.s.a.m.mapper.MessageMapperTest - Starting MessageMapperTest on LAPTOP-UILQQEOO with PID 18468 (started by hp in E:\dev\IdeaProjects\anotation-mybatis)
2020-04-09 09:23:31.508[main][main] DEBUG c.s.a.m.mapper.MessageMapperTest - Running with Spring Boot v2.2.6.RELEASE, Spring v5.2.5.RELEASE
2020-04-09 09:23:31.512[main][main] INFO  c.s.a.m.mapper.MessageMapperTest - No active profile set, falling back to default profiles: default
2020-04-09 09:23:32.155[main][main] DEBUG org.apache.ibatis.logging.LogFactory - Logging initialized using 'class org.apache.ibatis.logging.slf4j.Slf4jImpl' adapter.
2020-04-09 09:23:33.012[main][main] INFO  c.s.a.m.mapper.MessageMapperTest - Started MessageMapperTest in 1.906 seconds (JVM running for 3.623)
2020-04-09 09:23:33.362[main][main] INFO  com.zaxxer.hikari.HikariDataSource - HikariPool-1 - Starting...
2020-04-09 09:23:33.544[main][main] INFO  com.zaxxer.hikari.HikariDataSource - HikariPool-1 - Start completed.
2020-04-09 09:23:33.558[main][main] DEBUG c.s.a.m.mapper.MessageMapper.delete - ==>  Preparing: delete from message WHERE msg_id=? 
2020-04-09 09:23:33.596[main][main] DEBUG c.s.a.m.mapper.MessageMapper.delete - ==> Parameters: 1(Integer)
2020-04-09 09:23:33.597[main][main] DEBUG c.s.a.m.mapper.MessageMapper.delete - <==    Updates: 0
2020-04-09 09:23:33.599[main][main] INFO  c.s.a.m.mapper.MessageMapperTest - 删除的数据条数: 0
2020-04-09 09:23:33.621[SpringContextShutdownHook][SpringContextShutdownHook] INFO  com.zaxxer.hikari.HikariDataSource - HikariPool-1 - Shutdown initiated...
2020-04-09 09:23:33.639[SpringContextShutdownHook][SpringContextShutdownHook] INFO  com.zaxxer.hikari.HikariDataSource - HikariPool-1 - Shutdown completed.
2020-04-09 09:24:30.456[main][main] INFO  o.s.b.t.c.SpringBootTestContextBootstrapper - Neither @ContextConfiguration nor @ContextHierarchy found for test class [com.spring.anotation.mybatis.mapper.MessageMapperTest], using SpringBootContextLoader
2020-04-09 09:24:30.473[main][main] INFO  o.s.t.c.s.AbstractContextLoader - Could not detect default resource locations for test class [com.spring.anotation.mybatis.mapper.MessageMapperTest]: no resource found for suffixes {-context.xml, Context.groovy}.
2020-04-09 09:24:30.475[main][main] INFO  o.s.t.c.s.AnnotationConfigContextLoaderUtils - Could not detect default configuration classes for test class [com.spring.anotation.mybatis.mapper.MessageMapperTest]: MessageMapperTest does not declare any static, non-private, non-final, nested classes annotated with @Configuration.
2020-04-09 09:24:30.820[main][main] INFO  o.s.b.t.c.SpringBootTestContextBootstrapper - Found @SpringBootConfiguration com.spring.anotation.mybatis.AnotationMybatisApplication for test class com.spring.anotation.mybatis.mapper.MessageMapperTest
2020-04-09 09:24:30.970[main][main] INFO  o.s.b.t.c.SpringBootTestContextBootstrapper - Loaded default TestExecutionListener class names from location [META-INF/spring.factories]: [org.springframework.boot.test.mock.mockito.MockitoTestExecutionListener, org.springframework.boot.test.mock.mockito.ResetMocksTestExecutionListener, org.springframework.boot.test.autoconfigure.restdocs.RestDocsTestExecutionListener, org.springframework.boot.test.autoconfigure.web.client.MockRestServiceServerResetTestExecutionListener, org.springframework.boot.test.autoconfigure.web.servlet.MockMvcPrintOnlyOnFailureTestExecutionListener, org.springframework.boot.test.autoconfigure.web.servlet.WebDriverTestExecutionListener, org.springframework.test.context.web.ServletTestExecutionListener, org.springframework.test.context.support.DirtiesContextBeforeModesTestExecutionListener, org.springframework.test.context.support.DependencyInjectionTestExecutionListener, org.springframework.test.context.support.DirtiesContextTestExecutionListener, org.springframework.test.context.transaction.TransactionalTestExecutionListener, org.springframework.test.context.jdbc.SqlScriptsTestExecutionListener, org.springframework.test.context.event.EventPublishingTestExecutionListener]
2020-04-09 09:24:30.991[main][main] INFO  o.s.b.t.c.SpringBootTestContextBootstrapper - Using TestExecutionListeners: [org.springframework.test.context.support.DirtiesContextBeforeModesTestExecutionListener@2445445a, org.springframework.boot.test.mock.mockito.MockitoTestExecutionListener@7502291e, org.springframework.boot.test.autoconfigure.SpringBootDependencyInjectionTestExecutionListener@17aad511, org.springframework.test.context.support.DirtiesContextTestExecutionListener@487db668, org.springframework.test.context.transaction.TransactionalTestExecutionListener@46944ca9, org.springframework.test.context.jdbc.SqlScriptsTestExecutionListener@22bac7bc, org.springframework.test.context.event.EventPublishingTestExecutionListener@63798ca7, org.springframework.boot.test.mock.mockito.ResetMocksTestExecutionListener@4612b856, org.springframework.boot.test.autoconfigure.restdocs.RestDocsTestExecutionListener@22875539, org.springframework.boot.test.autoconfigure.web.client.MockRestServiceServerResetTestExecutionListener@5674e1f2, org.springframework.boot.test.autoconfigure.web.servlet.MockMvcPrintOnlyOnFailureTestExecutionListener@79c7532f, org.springframework.boot.test.autoconfigure.web.servlet.WebDriverTestExecutionListener@2a448449]
2020-04-09 09:24:31.524[main][main] INFO  c.s.a.m.mapper.MessageMapperTest - Starting MessageMapperTest on LAPTOP-UILQQEOO with PID 18436 (started by hp in E:\dev\IdeaProjects\anotation-mybatis)
2020-04-09 09:24:31.524[main][main] DEBUG c.s.a.m.mapper.MessageMapperTest - Running with Spring Boot v2.2.6.RELEASE, Spring v5.2.5.RELEASE
2020-04-09 09:24:31.525[main][main] INFO  c.s.a.m.mapper.MessageMapperTest - No active profile set, falling back to default profiles: default
2020-04-09 09:24:32.104[main][main] DEBUG org.apache.ibatis.logging.LogFactory - Logging initialized using 'class org.apache.ibatis.logging.slf4j.Slf4jImpl' adapter.
2020-04-09 09:24:32.969[main][main] INFO  c.s.a.m.mapper.MessageMapperTest - Started MessageMapperTest in 1.902 seconds (JVM running for 3.841)
2020-04-09 09:24:33.425[main][main] INFO  com.zaxxer.hikari.HikariDataSource - HikariPool-1 - Starting...
2020-04-09 09:24:33.625[main][main] INFO  com.zaxxer.hikari.HikariDataSource - HikariPool-1 - Start completed.
2020-04-09 09:24:33.635[main][main] DEBUG c.s.a.m.m.MessageMapper.updateText - ==>  Preparing: update message SET msg_text=?, msg_summary=? WHERE msg_id =? 
2020-04-09 09:24:33.673[main][main] DEBUG c.s.a.m.m.MessageMapper.updateText - ==> Parameters: computer(String), (String), 2(Integer)
2020-04-09 09:24:33.681[main][main] DEBUG c.s.a.m.m.MessageMapper.updateText - <==    Updates: 1
2020-04-09 09:24:33.683[main][main] INFO  c.s.a.m.mapper.MessageMapperTest - 更新Text的数据条数： 1
2020-04-09 09:24:33.699[SpringContextShutdownHook][SpringContextShutdownHook] INFO  com.zaxxer.hikari.HikariDataSource - HikariPool-1 - Shutdown initiated...
2020-04-09 09:24:33.710[SpringContextShutdownHook][SpringContextShutdownHook] INFO  com.zaxxer.hikari.HikariDataSource - HikariPool-1 - Shutdown completed.
2020-04-09 09:50:08.291[main][main] INFO  o.s.b.t.c.SpringBootTestContextBootstrapper - Neither @ContextConfiguration nor @ContextHierarchy found for test class [com.spring.anotation.mybatis.mapper.MessageMapperTest], using SpringBootContextLoader
2020-04-09 09:50:08.306[main][main] INFO  o.s.t.c.s.AbstractContextLoader - Could not detect default resource locations for test class [com.spring.anotation.mybatis.mapper.MessageMapperTest]: no resource found for suffixes {-context.xml, Context.groovy}.
2020-04-09 09:50:08.307[main][main] INFO  o.s.t.c.s.AnnotationConfigContextLoaderUtils - Could not detect default configuration classes for test class [com.spring.anotation.mybatis.mapper.MessageMapperTest]: MessageMapperTest does not declare any static, non-private, non-final, nested classes annotated with @Configuration.
2020-04-09 09:50:08.465[main][main] INFO  o.s.b.t.c.SpringBootTestContextBootstrapper - Found @SpringBootConfiguration com.spring.anotation.mybatis.AnotationMybatisApplication for test class com.spring.anotation.mybatis.mapper.MessageMapperTest
2020-04-09 09:50:08.589[main][main] INFO  o.s.b.t.c.SpringBootTestContextBootstrapper - Loaded default TestExecutionListener class names from location [META-INF/spring.factories]: [org.springframework.boot.test.mock.mockito.MockitoTestExecutionListener, org.springframework.boot.test.mock.mockito.ResetMocksTestExecutionListener, org.springframework.boot.test.autoconfigure.restdocs.RestDocsTestExecutionListener, org.springframework.boot.test.autoconfigure.web.client.MockRestServiceServerResetTestExecutionListener, org.springframework.boot.test.autoconfigure.web.servlet.MockMvcPrintOnlyOnFailureTestExecutionListener, org.springframework.boot.test.autoconfigure.web.servlet.WebDriverTestExecutionListener, org.springframework.test.context.web.ServletTestExecutionListener, org.springframework.test.context.support.DirtiesContextBeforeModesTestExecutionListener, org.springframework.test.context.support.DependencyInjectionTestExecutionListener, org.springframework.test.context.support.DirtiesContextTestExecutionListener, org.springframework.test.context.transaction.TransactionalTestExecutionListener, org.springframework.test.context.jdbc.SqlScriptsTestExecutionListener, org.springframework.test.context.event.EventPublishingTestExecutionListener]
2020-04-09 09:50:08.605[main][main] INFO  o.s.b.t.c.SpringBootTestContextBootstrapper - Using TestExecutionListeners: [org.springframework.test.context.support.DirtiesContextBeforeModesTestExecutionListener@2445445a, org.springframework.boot.test.mock.mockito.MockitoTestExecutionListener@7502291e, org.springframework.boot.test.autoconfigure.SpringBootDependencyInjectionTestExecutionListener@17aad511, org.springframework.test.context.support.DirtiesContextTestExecutionListener@487db668, org.springframework.test.context.transaction.TransactionalTestExecutionListener@46944ca9, org.springframework.test.context.jdbc.SqlScriptsTestExecutionListener@22bac7bc, org.springframework.test.context.event.EventPublishingTestExecutionListener@63798ca7, org.springframework.boot.test.mock.mockito.ResetMocksTestExecutionListener@4612b856, org.springframework.boot.test.autoconfigure.restdocs.RestDocsTestExecutionListener@22875539, org.springframework.boot.test.autoconfigure.web.client.MockRestServiceServerResetTestExecutionListener@5674e1f2, org.springframework.boot.test.autoconfigure.web.servlet.MockMvcPrintOnlyOnFailureTestExecutionListener@79c7532f, org.springframework.boot.test.autoconfigure.web.servlet.WebDriverTestExecutionListener@2a448449]
2020-04-09 09:50:09.087[main][main] INFO  c.s.a.m.mapper.MessageMapperTest - Starting MessageMapperTest on LAPTOP-UILQQEOO with PID 8420 (started by hp in E:\dev\IdeaProjects\anotation-mybatis)
2020-04-09 09:50:09.090[main][main] DEBUG c.s.a.m.mapper.MessageMapperTest - Running with Spring Boot v2.2.6.RELEASE, Spring v5.2.5.RELEASE
2020-04-09 09:50:09.092[main][main] INFO  c.s.a.m.mapper.MessageMapperTest - No active profile set, falling back to default profiles: default
2020-04-09 09:50:09.730[main][main] DEBUG org.apache.ibatis.logging.LogFactory - Logging initialized using 'class org.apache.ibatis.logging.slf4j.Slf4jImpl' adapter.
2020-04-09 09:50:10.563[main][main] INFO  c.s.a.m.mapper.MessageMapperTest - Started MessageMapperTest in 1.907 seconds (JVM running for 3.481)
2020-04-09 09:50:10.948[main][main] INFO  com.zaxxer.hikari.HikariDataSource - HikariPool-1 - Starting...
2020-04-09 09:50:11.147[main][main] INFO  com.zaxxer.hikari.HikariDataSource - HikariPool-1 - Start completed.
2020-04-09 09:50:11.160[main][main] DEBUG c.s.a.m.mapper.MessageMapper.update - ==>  Preparing: update message set msg_text=?, msg_summary=? WHERE msg_id =? 
2020-04-09 09:50:11.197[main][main] DEBUG c.s.a.m.mapper.MessageMapper.update - ==> Parameters: computer(String), 学校(String), 1(Integer)
2020-04-09 09:50:11.199[main][main] DEBUG c.s.a.m.mapper.MessageMapper.update - <==    Updates: 0
2020-04-09 09:50:11.201[main][main] INFO  c.s.a.m.mapper.MessageMapperTest - 更新的数据条数:0
2020-04-09 09:50:11.222[SpringContextShutdownHook][SpringContextShutdownHook] INFO  com.zaxxer.hikari.HikariDataSource - HikariPool-1 - Shutdown initiated...
2020-04-09 09:50:11.236[SpringContextShutdownHook][SpringContextShutdownHook] INFO  com.zaxxer.hikari.HikariDataSource - HikariPool-1 - Shutdown completed.
2020-04-09 09:51:40.567[main][main] INFO  o.s.b.t.c.SpringBootTestContextBootstrapper - Neither @ContextConfiguration nor @ContextHierarchy found for test class [com.spring.anotation.mybatis.mapper.MessageMapperTest], using SpringBootContextLoader
2020-04-09 09:51:40.573[main][main] INFO  o.s.t.c.s.AbstractContextLoader - Could not detect default resource locations for test class [com.spring.anotation.mybatis.mapper.MessageMapperTest]: no resource found for suffixes {-context.xml, Context.groovy}.
2020-04-09 09:51:40.574[main][main] INFO  o.s.t.c.s.AnnotationConfigContextLoaderUtils - Could not detect default configuration classes for test class [com.spring.anotation.mybatis.mapper.MessageMapperTest]: MessageMapperTest does not declare any static, non-private, non-final, nested classes annotated with @Configuration.
2020-04-09 09:51:40.735[main][main] INFO  o.s.b.t.c.SpringBootTestContextBootstrapper - Found @SpringBootConfiguration com.spring.anotation.mybatis.AnotationMybatisApplication for test class com.spring.anotation.mybatis.mapper.MessageMapperTest
2020-04-09 09:51:40.878[main][main] INFO  o.s.b.t.c.SpringBootTestContextBootstrapper - Loaded default TestExecutionListener class names from location [META-INF/spring.factories]: [org.springframework.boot.test.mock.mockito.MockitoTestExecutionListener, org.springframework.boot.test.mock.mockito.ResetMocksTestExecutionListener, org.springframework.boot.test.autoconfigure.restdocs.RestDocsTestExecutionListener, org.springframework.boot.test.autoconfigure.web.client.MockRestServiceServerResetTestExecutionListener, org.springframework.boot.test.autoconfigure.web.servlet.MockMvcPrintOnlyOnFailureTestExecutionListener, org.springframework.boot.test.autoconfigure.web.servlet.WebDriverTestExecutionListener, org.springframework.test.context.web.ServletTestExecutionListener, org.springframework.test.context.support.DirtiesContextBeforeModesTestExecutionListener, org.springframework.test.context.support.DependencyInjectionTestExecutionListener, org.springframework.test.context.support.DirtiesContextTestExecutionListener, org.springframework.test.context.transaction.TransactionalTestExecutionListener, org.springframework.test.context.jdbc.SqlScriptsTestExecutionListener, org.springframework.test.context.event.EventPublishingTestExecutionListener]
2020-04-09 09:51:40.904[main][main] INFO  o.s.b.t.c.SpringBootTestContextBootstrapper - Using TestExecutionListeners: [org.springframework.test.context.support.DirtiesContextBeforeModesTestExecutionListener@2445445a, org.springframework.boot.test.mock.mockito.MockitoTestExecutionListener@7502291e, org.springframework.boot.test.autoconfigure.SpringBootDependencyInjectionTestExecutionListener@17aad511, org.springframework.test.context.support.DirtiesContextTestExecutionListener@487db668, org.springframework.test.context.transaction.TransactionalTestExecutionListener@46944ca9, org.springframework.test.context.jdbc.SqlScriptsTestExecutionListener@22bac7bc, org.springframework.test.context.event.EventPublishingTestExecutionListener@63798ca7, org.springframework.boot.test.mock.mockito.ResetMocksTestExecutionListener@4612b856, org.springframework.boot.test.autoconfigure.restdocs.RestDocsTestExecutionListener@22875539, org.springframework.boot.test.autoconfigure.web.client.MockRestServiceServerResetTestExecutionListener@5674e1f2, org.springframework.boot.test.autoconfigure.web.servlet.MockMvcPrintOnlyOnFailureTestExecutionListener@79c7532f, org.springframework.boot.test.autoconfigure.web.servlet.WebDriverTestExecutionListener@2a448449]
2020-04-09 09:51:41.327[main][main] INFO  c.s.a.m.mapper.MessageMapperTest - Starting MessageMapperTest on LAPTOP-UILQQEOO with PID 12680 (started by hp in E:\dev\IdeaProjects\anotation-mybatis)
2020-04-09 09:51:41.328[main][main] DEBUG c.s.a.m.mapper.MessageMapperTest - Running with Spring Boot v2.2.6.RELEASE, Spring v5.2.5.RELEASE
2020-04-09 09:51:41.328[main][main] INFO  c.s.a.m.mapper.MessageMapperTest - No active profile set, falling back to default profiles: default
2020-04-09 09:51:41.991[main][main] DEBUG org.apache.ibatis.logging.LogFactory - Logging initialized using 'class org.apache.ibatis.logging.slf4j.Slf4jImpl' adapter.
2020-04-09 09:51:42.781[main][main] INFO  c.s.a.m.mapper.MessageMapperTest - Started MessageMapperTest in 1.825 seconds (JVM running for 3.504)
2020-04-09 09:51:43.113[main][main] INFO  com.zaxxer.hikari.HikariDataSource - HikariPool-1 - Starting...
2020-04-09 09:51:43.309[main][main] INFO  com.zaxxer.hikari.HikariDataSource - HikariPool-1 - Start completed.
2020-04-09 09:51:43.318[main][main] DEBUG c.s.a.m.mapper.MessageMapper.delete - ==>  Preparing: delete from message WHERE msg_id=? 
2020-04-09 09:51:43.357[main][main] DEBUG c.s.a.m.mapper.MessageMapper.delete - ==> Parameters: 2(Integer)
2020-04-09 09:51:43.363[main][main] DEBUG c.s.a.m.mapper.MessageMapper.delete - <==    Updates: 1
2020-04-09 09:51:43.365[main][main] INFO  c.s.a.m.mapper.MessageMapperTest - 删除的数据条数: 1
2020-04-09 09:51:43.382[SpringContextShutdownHook][SpringContextShutdownHook] INFO  com.zaxxer.hikari.HikariDataSource - HikariPool-1 - Shutdown initiated...
2020-04-09 09:51:43.394[SpringContextShutdownHook][SpringContextShutdownHook] INFO  com.zaxxer.hikari.HikariDataSource - HikariPool-1 - Shutdown completed.
2020-04-09 09:52:29.693[main][main] INFO  o.s.b.t.c.SpringBootTestContextBootstrapper - Neither @ContextConfiguration nor @ContextHierarchy found for test class [com.spring.anotation.mybatis.mapper.MessageMapperTest], using SpringBootContextLoader
2020-04-09 09:52:29.698[main][main] INFO  o.s.t.c.s.AbstractContextLoader - Could not detect default resource locations for test class [com.spring.anotation.mybatis.mapper.MessageMapperTest]: no resource found for suffixes {-context.xml, Context.groovy}.
2020-04-09 09:52:29.699[main][main] INFO  o.s.t.c.s.AnnotationConfigContextLoaderUtils - Could not detect default configuration classes for test class [com.spring.anotation.mybatis.mapper.MessageMapperTest]: MessageMapperTest does not declare any static, non-private, non-final, nested classes annotated with @Configuration.
2020-04-09 09:52:29.858[main][main] INFO  o.s.b.t.c.SpringBootTestContextBootstrapper - Found @SpringBootConfiguration com.spring.anotation.mybatis.AnotationMybatisApplication for test class com.spring.anotation.mybatis.mapper.MessageMapperTest
2020-04-09 09:52:29.998[main][main] INFO  o.s.b.t.c.SpringBootTestContextBootstrapper - Loaded default TestExecutionListener class names from location [META-INF/spring.factories]: [org.springframework.boot.test.mock.mockito.MockitoTestExecutionListener, org.springframework.boot.test.mock.mockito.ResetMocksTestExecutionListener, org.springframework.boot.test.autoconfigure.restdocs.RestDocsTestExecutionListener, org.springframework.boot.test.autoconfigure.web.client.MockRestServiceServerResetTestExecutionListener, org.springframework.boot.test.autoconfigure.web.servlet.MockMvcPrintOnlyOnFailureTestExecutionListener, org.springframework.boot.test.autoconfigure.web.servlet.WebDriverTestExecutionListener, org.springframework.test.context.web.ServletTestExecutionListener, org.springframework.test.context.support.DirtiesContextBeforeModesTestExecutionListener, org.springframework.test.context.support.DependencyInjectionTestExecutionListener, org.springframework.test.context.support.DirtiesContextTestExecutionListener, org.springframework.test.context.transaction.TransactionalTestExecutionListener, org.springframework.test.context.jdbc.SqlScriptsTestExecutionListener, org.springframework.test.context.event.EventPublishingTestExecutionListener]
2020-04-09 09:52:30.016[main][main] INFO  o.s.b.t.c.SpringBootTestContextBootstrapper - Using TestExecutionListeners: [org.springframework.test.context.support.DirtiesContextBeforeModesTestExecutionListener@2445445a, org.springframework.boot.test.mock.mockito.MockitoTestExecutionListener@7502291e, org.springframework.boot.test.autoconfigure.SpringBootDependencyInjectionTestExecutionListener@17aad511, org.springframework.test.context.support.DirtiesContextTestExecutionListener@487db668, org.springframework.test.context.transaction.TransactionalTestExecutionListener@46944ca9, org.springframework.test.context.jdbc.SqlScriptsTestExecutionListener@22bac7bc, org.springframework.test.context.event.EventPublishingTestExecutionListener@63798ca7, org.springframework.boot.test.mock.mockito.ResetMocksTestExecutionListener@4612b856, org.springframework.boot.test.autoconfigure.restdocs.RestDocsTestExecutionListener@22875539, org.springframework.boot.test.autoconfigure.web.client.MockRestServiceServerResetTestExecutionListener@5674e1f2, org.springframework.boot.test.autoconfigure.web.servlet.MockMvcPrintOnlyOnFailureTestExecutionListener@79c7532f, org.springframework.boot.test.autoconfigure.web.servlet.WebDriverTestExecutionListener@2a448449]
2020-04-09 09:52:30.464[main][main] INFO  c.s.a.m.mapper.MessageMapperTest - Starting MessageMapperTest on LAPTOP-UILQQEOO with PID 3756 (started by hp in E:\dev\IdeaProjects\anotation-mybatis)
2020-04-09 09:52:30.465[main][main] DEBUG c.s.a.m.mapper.MessageMapperTest - Running with Spring Boot v2.2.6.RELEASE, Spring v5.2.5.RELEASE
2020-04-09 09:52:30.465[main][main] INFO  c.s.a.m.mapper.MessageMapperTest - No active profile set, falling back to default profiles: default
2020-04-09 09:52:31.138[main][main] DEBUG org.apache.ibatis.logging.LogFactory - Logging initialized using 'class org.apache.ibatis.logging.slf4j.Slf4jImpl' adapter.
2020-04-09 09:52:31.990[main][main] INFO  c.s.a.m.mapper.MessageMapperTest - Started MessageMapperTest in 1.912 seconds (JVM running for 3.47)
2020-04-09 09:52:32.421[main][main] INFO  com.zaxxer.hikari.HikariDataSource - HikariPool-1 - Starting...
2020-04-09 09:52:32.632[main][main] INFO  com.zaxxer.hikari.HikariDataSource - HikariPool-1 - Start completed.
2020-04-09 09:52:32.640[main][main] DEBUG c.s.a.m.mapper.MessageMapper.update - ==>  Preparing: update message set msg_text=?, msg_summary=? WHERE msg_id =? 
2020-04-09 09:52:32.678[main][main] DEBUG c.s.a.m.mapper.MessageMapper.update - ==> Parameters: computer(String), 学校(String), 1(Integer)
2020-04-09 09:52:32.679[main][main] DEBUG c.s.a.m.mapper.MessageMapper.update - <==    Updates: 0
2020-04-09 09:52:32.681[main][main] INFO  c.s.a.m.mapper.MessageMapperTest - 更新的数据条数:0
2020-04-09 09:52:32.708[SpringContextShutdownHook][SpringContextShutdownHook] INFO  com.zaxxer.hikari.HikariDataSource - HikariPool-1 - Shutdown initiated...
2020-04-09 09:52:32.725[SpringContextShutdownHook][SpringContextShutdownHook] INFO  com.zaxxer.hikari.HikariDataSource - HikariPool-1 - Shutdown completed.
2020-04-09 09:54:03.446[main][main] INFO  o.s.b.t.c.SpringBootTestContextBootstrapper - Neither @ContextConfiguration nor @ContextHierarchy found for test class [com.spring.anotation.mybatis.mapper.MessageMapperTest], using SpringBootContextLoader
2020-04-09 09:54:03.458[main][main] INFO  o.s.t.c.s.AbstractContextLoader - Could not detect default resource locations for test class [com.spring.anotation.mybatis.mapper.MessageMapperTest]: no resource found for suffixes {-context.xml, Context.groovy}.
2020-04-09 09:54:03.459[main][main] INFO  o.s.t.c.s.AnnotationConfigContextLoaderUtils - Could not detect default configuration classes for test class [com.spring.anotation.mybatis.mapper.MessageMapperTest]: MessageMapperTest does not declare any static, non-private, non-final, nested classes annotated with @Configuration.
2020-04-09 09:54:03.616[main][main] INFO  o.s.b.t.c.SpringBootTestContextBootstrapper - Found @SpringBootConfiguration com.spring.anotation.mybatis.AnotationMybatisApplication for test class com.spring.anotation.mybatis.mapper.MessageMapperTest
2020-04-09 09:54:03.787[main][main] INFO  o.s.b.t.c.SpringBootTestContextBootstrapper - Loaded default TestExecutionListener class names from location [META-INF/spring.factories]: [org.springframework.boot.test.mock.mockito.MockitoTestExecutionListener, org.springframework.boot.test.mock.mockito.ResetMocksTestExecutionListener, org.springframework.boot.test.autoconfigure.restdocs.RestDocsTestExecutionListener, org.springframework.boot.test.autoconfigure.web.client.MockRestServiceServerResetTestExecutionListener, org.springframework.boot.test.autoconfigure.web.servlet.MockMvcPrintOnlyOnFailureTestExecutionListener, org.springframework.boot.test.autoconfigure.web.servlet.WebDriverTestExecutionListener, org.springframework.test.context.web.ServletTestExecutionListener, org.springframework.test.context.support.DirtiesContextBeforeModesTestExecutionListener, org.springframework.test.context.support.DependencyInjectionTestExecutionListener, org.springframework.test.context.support.DirtiesContextTestExecutionListener, org.springframework.test.context.transaction.TransactionalTestExecutionListener, org.springframework.test.context.jdbc.SqlScriptsTestExecutionListener, org.springframework.test.context.event.EventPublishingTestExecutionListener]
2020-04-09 09:54:03.800[main][main] INFO  o.s.b.t.c.SpringBootTestContextBootstrapper - Using TestExecutionListeners: [org.springframework.test.context.support.DirtiesContextBeforeModesTestExecutionListener@2445445a, org.springframework.boot.test.mock.mockito.MockitoTestExecutionListener@7502291e, org.springframework.boot.test.autoconfigure.SpringBootDependencyInjectionTestExecutionListener@17aad511, org.springframework.test.context.support.DirtiesContextTestExecutionListener@487db668, org.springframework.test.context.transaction.TransactionalTestExecutionListener@46944ca9, org.springframework.test.context.jdbc.SqlScriptsTestExecutionListener@22bac7bc, org.springframework.test.context.event.EventPublishingTestExecutionListener@63798ca7, org.springframework.boot.test.mock.mockito.ResetMocksTestExecutionListener@4612b856, org.springframework.boot.test.autoconfigure.restdocs.RestDocsTestExecutionListener@22875539, org.springframework.boot.test.autoconfigure.web.client.MockRestServiceServerResetTestExecutionListener@5674e1f2, org.springframework.boot.test.autoconfigure.web.servlet.MockMvcPrintOnlyOnFailureTestExecutionListener@79c7532f, org.springframework.boot.test.autoconfigure.web.servlet.WebDriverTestExecutionListener@2a448449]
2020-04-09 09:54:04.231[main][main] INFO  c.s.a.m.mapper.MessageMapperTest - Starting MessageMapperTest on LAPTOP-UILQQEOO with PID 3944 (started by hp in E:\dev\IdeaProjects\anotation-mybatis)
2020-04-09 09:54:04.232[main][main] DEBUG c.s.a.m.mapper.MessageMapperTest - Running with Spring Boot v2.2.6.RELEASE, Spring v5.2.5.RELEASE
2020-04-09 09:54:04.233[main][main] INFO  c.s.a.m.mapper.MessageMapperTest - No active profile set, falling back to default profiles: default
2020-04-09 09:54:04.879[main][main] DEBUG org.apache.ibatis.logging.LogFactory - Logging initialized using 'class org.apache.ibatis.logging.slf4j.Slf4jImpl' adapter.
2020-04-09 09:54:05.686[main][main] INFO  c.s.a.m.mapper.MessageMapperTest - Started MessageMapperTest in 1.832 seconds (JVM running for 3.538)
2020-04-09 09:54:06.074[main][main] INFO  com.zaxxer.hikari.HikariDataSource - HikariPool-1 - Starting...
2020-04-09 09:54:06.306[main][main] INFO  com.zaxxer.hikari.HikariDataSource - HikariPool-1 - Start completed.
2020-04-09 09:54:06.316[main][main] DEBUG c.s.a.m.mapper.MessageMapper.update - ==>  Preparing: update message set msg_text=?, msg_summary=? WHERE msg_id =? 
2020-04-09 09:54:06.351[main][main] DEBUG c.s.a.m.mapper.MessageMapper.update - ==> Parameters: computer(String), 学校(String), 3(Integer)
2020-04-09 09:54:06.357[main][main] DEBUG c.s.a.m.mapper.MessageMapper.update - <==    Updates: 1
2020-04-09 09:54:06.359[main][main] INFO  c.s.a.m.mapper.MessageMapperTest - 更新的数据条数:1
2020-04-09 09:54:06.374[SpringContextShutdownHook][SpringContextShutdownHook] INFO  com.zaxxer.hikari.HikariDataSource - HikariPool-1 - Shutdown initiated...
2020-04-09 09:54:06.387[SpringContextShutdownHook][SpringContextShutdownHook] INFO  com.zaxxer.hikari.HikariDataSource - HikariPool-1 - Shutdown completed.
